<?xml version="1.0" encoding="UTF-8"?>
<!-- Generated by org.testng.reporters.JUnitXMLReporter -->
<testsuite ignored="2" hostname="Rohits-MacBook-Pro.local" failures="0" tests="4" name="Default test" time="20.832" errors="0" timestamp="2024-07-02T14:08:46 IST">
  <testcase classname="com.casstore.testcases.TC_AccountPageTest" name="verifyIndexPageSignInButton" time="0.919"/>
  <testcase classname="com.casstore.testcases.TC_AccountPageTest" name="verifyAlreadyRegistered" time="1.775"/>
  <testcase classname="com.casstore.testcases.TC_AccountPageTest" name="verifyAlreadyRegistered" time="1.734"/>
  <testcase classname="com.casstore.testcases.TC_AccountPageTest" name="verifyAlreadyRegistered" time="1.994"/>
  <testcase classname="com.casstore.testcases.TC_AccountPageTest" name="verifyEmailToCreateAccount" time="0.0">
    <ignored/>
  </testcase> <!-- verifyEmailToCreateAccount -->
  <testcase classname="com.casstore.testcases.TC_AccountPageTest" name="verifyAccountCreation" time="0.0">
    <ignored/>
  </testcase> <!-- verifyAccountCreation -->
</testsuite> <!-- Default test -->
