<?xml version="1.0" encoding="UTF-8"?>
<!-- Generated by org.testng.reporters.JUnitXMLReporter -->
<testsuite ignored="2" hostname="Rohits-MacBook-Pro.local" failures="0" tests="4" name="Default test" time="17.603" errors="0" timestamp="2024-07-02T00:06:23 IST">
  <testcase classname="com.casstore.testcases.TC_AccountPageTest" name="verifyIndexPageSignInButton" time="1.68"/>
  <testcase classname="com.casstore.testcases.TC_AccountPageTest" name="verifyAlreadyRegistered" time="2.903"/>
  <testcase classname="com.casstore.testcases.TC_AccountPageTest" name="verifyAlreadyRegistered" time="1.726"/>
  <testcase classname="com.casstore.testcases.TC_AccountPageTest" name="verifyAlreadyRegistered" time="1.673"/>
  <testcase classname="com.casstore.testcases.TC_AccountPageTest" name="verifyEmailToCreateAccount" time="0.0">
    <ignored/>
  </testcase> <!-- verifyEmailToCreateAccount -->
  <testcase classname="com.casstore.testcases.TC_AccountPageTest" name="verifyAccountCreation" time="0.0">
    <ignored/>
  </testcase> <!-- verifyAccountCreation -->
</testsuite> <!-- Default test -->
