<?xml version="1.0" encoding="UTF-8"?>
<!-- Generated by org.testng.reporters.JUnitXMLReporter -->
<testsuite ignored="2" hostname="Rohits-MacBook-Pro.local" failures="0" tests="4" name="Test" time="16.908" errors="0" timestamp="2024-07-02T15:46:53 IST">
  <testcase classname="com.casstore.testcases.TC_AccountPageTest" name="verifyIndexPageSignInButton" time="0.869"/>
  <testcase classname="com.casstore.testcases.TC_AccountPageTest" name="verifyAlreadyRegistered" time="2.433"/>
  <testcase classname="com.casstore.testcases.TC_AccountPageTest" name="verifyAlreadyRegistered" time="1.802"/>
  <testcase classname="com.casstore.testcases.TC_AccountPageTest" name="verifyAlreadyRegistered" time="1.774"/>
  <testcase classname="com.casstore.testcases.TC_AccountPageTest" name="verifyEmailToCreateAccount" time="0.0">
    <ignored/>
  </testcase> <!-- verifyEmailToCreateAccount -->
  <testcase classname="com.casstore.testcases.TC_AccountPageTest" name="verifyAccountCreation" time="0.0">
    <ignored/>
  </testcase> <!-- verifyAccountCreation -->
</testsuite> <!-- Test -->
