<?xml version="1.0" encoding="UTF-8"?>
<!-- Generated by org.testng.reporters.JUnitXMLReporter -->
<testsuite ignored="3" hostname="Rohits-MacBook-Pro.local" failures="0" tests="10" name="Test" time="44.378" errors="0" timestamp="2024-07-27T00:34:23 IST">
  <testcase classname="com.casstore.testcases.TC_AccountPageTest" name="verifyIndexPageSignInButton" time="0.818"/>
  <testcase classname="com.casstore.testcases.TC_AccountPageTest" name="verifyAlreadyRegistered" time="1.979"/>
  <testcase classname="com.casstore.testcases.TC_AccountPageTest" name="verifyAlreadyRegistered" time="1.689"/>
  <testcase classname="com.casstore.testcases.TC_AccountPageTest" name="verifyAlreadyRegistered" time="1.656"/>
  <testcase classname="com.casstore.testcases.TC_AccountPageTest" name="verifyAlreadyRegistered" time="1.632"/>
  <testcase classname="com.casstore.testcases.TC_AccountPageTest" name="verifyAlreadyRegistered" time="1.975"/>
  <testcase classname="com.casstore.testcases.TC_BuyProductTest" name="verifyIndexPageSignInButton" time="0.804"/>
  <testcase classname="com.casstore.testcases.TC_BuyProductTest" name="verifyUserLogin" time="1.125"/>
  <testcase classname="com.casstore.testcases.TC_BuyProductTest" name="verifySearchProduct" time="1.471"/>
  <testcase classname="com.casstore.testcases.TC_BuyProductTest" name="verifyBuyProduct" time="12.245"/>
  <testcase classname="com.casstore.testcases.TC_AccountPageTest" name="verifyEmailToCreateAccount" time="0.0">
    <ignored/>
  </testcase> <!-- verifyEmailToCreateAccount -->
  <testcase classname="com.casstore.testcases.TC_BuyProductTest" name="verifyUserLogout" time="0.0">
    <ignored/>
  </testcase> <!-- verifyUserLogout -->
  <testcase classname="com.casstore.testcases.TC_AccountPageTest" name="verifyAccountCreation" time="0.0">
    <ignored/>
  </testcase> <!-- verifyAccountCreation -->
</testsuite> <!-- Test -->
