<?xml version="1.0" encoding="UTF-8"?>
<testsuite xmlns:xsi="http://www.w3.org/2001/XMLSchema-instance" xsi:noNamespaceSchemaLocation="https://maven.apache.org/surefire/maven-surefire-plugin/xsd/surefire-test-report-3.0.xsd" version="3.0" name="TestSuite" time="44.978" tests="10" errors="0" skipped="0" failures="0">
  <properties>
[...]
</properties>
  <testcase name="verifyIndexPageSignInButton" classname="com.casstore.testcases.TC_AccountPageTest" time="0.818">
    <system-out><![CDATA[On Start method invoked....
[INFO ] 2024-07-27 00:33:47.137 [main] CasStore - Url opened
Name of test method started: verifyIndexPageSignInButton
[INFO ] 2024-07-27 00:33:47.734 [main] CasStore - *************** TestCase Verify Index page SignIn Button Starts *****************
[INFO ] 2024-07-27 00:33:47.750 [main] CasStore - Clicked on signin button
[INFO ] 2024-07-27 00:33:48.551 [main] CasStore - *************** TestCase Verify Index page SignIn Button Ends *****************
]]></system-out>
    <system-err><![CDATA[SLF4J(W): No SLF4J providers were found.
SLF4J(W): Defaulting to no-operation (NOP) logger implementation
SLF4J(W): See https://www.slf4j.org/codes.html#noProviders for further details.
]]></system-err>
  </testcase>
  <testcase name="verifyAlreadyRegistered[mazzy@email.com, mazzy@123, Mazzy Star](1)" classname="com.casstore.testcases.TC_AccountPageTest" time="1.977">
    <system-out><![CDATA[Name of test method sucessfully executed: verifyIndexPageSignInButton
[DEBUG] 2024-07-27 00:33:48.687 [main] PackageRelationshipCollection - Parsing relationship: /xl/_rels/workbook.xml.rels
[DEBUG] 2024-07-27 00:33:48.690 [main] PackageRelationshipCollection - Parsing relationship: /_rels/.rels
[DEBUG] 2024-07-27 00:33:49.145 [main] PackageRelationshipCollection - Parsing relationship: /xl/_rels/workbook.xml.rels
[DEBUG] 2024-07-27 00:33:49.146 [main] PackageRelationshipCollection - Parsing relationship: /_rels/.rels
[INFO ] 2024-07-27 00:33:49.166 [main] CasStore - Fetching email, password and username data from excel
[DEBUG] 2024-07-27 00:33:49.171 [main] PackageRelationshipCollection - Parsing relationship: /xl/_rels/workbook.xml.rels
[DEBUG] 2024-07-27 00:33:49.173 [main] PackageRelationshipCollection - Parsing relationship: /_rels/.rels
[DEBUG] 2024-07-27 00:33:49.202 [main] PackageRelationshipCollection - Parsing relationship: /xl/_rels/workbook.xml.rels
[DEBUG] 2024-07-27 00:33:49.203 [main] PackageRelationshipCollection - Parsing relationship: /_rels/.rels
[DEBUG] 2024-07-27 00:33:49.223 [main] PackageRelationshipCollection - Parsing relationship: /xl/_rels/workbook.xml.rels
[DEBUG] 2024-07-27 00:33:49.224 [main] PackageRelationshipCollection - Parsing relationship: /_rels/.rels
[DEBUG] 2024-07-27 00:33:49.242 [main] PackageRelationshipCollection - Parsing relationship: /xl/_rels/workbook.xml.rels
[DEBUG] 2024-07-27 00:33:49.243 [main] PackageRelationshipCollection - Parsing relationship: /_rels/.rels
[DEBUG] 2024-07-27 00:33:49.260 [main] PackageRelationshipCollection - Parsing relationship: /xl/_rels/workbook.xml.rels
[DEBUG] 2024-07-27 00:33:49.261 [main] PackageRelationshipCollection - Parsing relationship: /_rels/.rels
[DEBUG] 2024-07-27 00:33:49.278 [main] PackageRelationshipCollection - Parsing relationship: /xl/_rels/workbook.xml.rels
[DEBUG] 2024-07-27 00:33:49.279 [main] PackageRelationshipCollection - Parsing relationship: /_rels/.rels
[DEBUG] 2024-07-27 00:33:49.297 [main] PackageRelationshipCollection - Parsing relationship: /xl/_rels/workbook.xml.rels
[DEBUG] 2024-07-27 00:33:49.297 [main] PackageRelationshipCollection - Parsing relationship: /_rels/.rels
[DEBUG] 2024-07-27 00:33:49.312 [main] PackageRelationshipCollection - Parsing relationship: /xl/_rels/workbook.xml.rels
[DEBUG] 2024-07-27 00:33:49.313 [main] PackageRelationshipCollection - Parsing relationship: /_rels/.rels
[DEBUG] 2024-07-27 00:33:49.327 [main] PackageRelationshipCollection - Parsing relationship: /xl/_rels/workbook.xml.rels
[DEBUG] 2024-07-27 00:33:49.328 [main] PackageRelationshipCollection - Parsing relationship: /_rels/.rels
[DEBUG] 2024-07-27 00:33:49.343 [main] PackageRelationshipCollection - Parsing relationship: /xl/_rels/workbook.xml.rels
[DEBUG] 2024-07-27 00:33:49.343 [main] PackageRelationshipCollection - Parsing relationship: /_rels/.rels
[DEBUG] 2024-07-27 00:33:49.358 [main] PackageRelationshipCollection - Parsing relationship: /xl/_rels/workbook.xml.rels
[DEBUG] 2024-07-27 00:33:49.359 [main] PackageRelationshipCollection - Parsing relationship: /_rels/.rels
[DEBUG] 2024-07-27 00:33:49.372 [main] PackageRelationshipCollection - Parsing relationship: /xl/_rels/workbook.xml.rels
[DEBUG] 2024-07-27 00:33:49.373 [main] PackageRelationshipCollection - Parsing relationship: /_rels/.rels
[DEBUG] 2024-07-27 00:33:49.386 [main] PackageRelationshipCollection - Parsing relationship: /xl/_rels/workbook.xml.rels
[DEBUG] 2024-07-27 00:33:49.387 [main] PackageRelationshipCollection - Parsing relationship: /_rels/.rels
[DEBUG] 2024-07-27 00:33:49.403 [main] PackageRelationshipCollection - Parsing relationship: /xl/_rels/workbook.xml.rels
[DEBUG] 2024-07-27 00:33:49.404 [main] PackageRelationshipCollection - Parsing relationship: /_rels/.rels
[DEBUG] 2024-07-27 00:33:49.422 [main] PackageRelationshipCollection - Parsing relationship: /xl/_rels/workbook.xml.rels
[DEBUG] 2024-07-27 00:33:49.422 [main] PackageRelationshipCollection - Parsing relationship: /_rels/.rels
Name of test method started: verifyAlreadyRegistered
[INFO ] 2024-07-27 00:33:49.432 [main] CasStore - *************** TestCase Verify SignIn Starts *****************
[INFO ] 2024-07-27 00:33:49.435 [main] CasStore - Entered registered email address
[INFO ] 2024-07-27 00:33:49.495 [main] CasStore - Entered registered password
[INFO ] 2024-07-27 00:33:49.522 [main] CasStore - Clicked on signin button
[INFO ] 2024-07-27 00:33:50.667 [main] CasStore - verifyAlreadyRegistered - Passed
[INFO ] 2024-07-27 00:33:50.669 [main] CasStore - Clicked on signout button
[INFO ] 2024-07-27 00:33:51.410 [main] CasStore - *************** TestCase Verify SignIn Ends *****************
]]></system-out>
  </testcase>
  <testcase name="verifyAlreadyRegistered[dazzy@email.com, dazzy@123, Dazzy Star](2)" classname="com.casstore.testcases.TC_AccountPageTest" time="1.689">
    <system-out><![CDATA[Name of test method sucessfully executed: verifyAlreadyRegistered
Name of test method started: verifyAlreadyRegistered
[INFO ] 2024-07-27 00:33:51.412 [main] CasStore - *************** TestCase Verify SignIn Starts *****************
[INFO ] 2024-07-27 00:33:51.413 [main] CasStore - Entered registered email address
[INFO ] 2024-07-27 00:33:51.442 [main] CasStore - Entered registered password
[INFO ] 2024-07-27 00:33:51.471 [main] CasStore - Clicked on signin button
[INFO ] 2024-07-27 00:33:52.324 [main] CasStore - verifyAlreadyRegistered - Passed
[INFO ] 2024-07-27 00:33:52.324 [main] CasStore - Clicked on signout button
[INFO ] 2024-07-27 00:33:53.100 [main] CasStore - *************** TestCase Verify SignIn Ends *****************
]]></system-out>
  </testcase>
  <testcase name="verifyAlreadyRegistered[lazzy@email.com, lazzy@123, Lazzy Star](3)" classname="com.casstore.testcases.TC_AccountPageTest" time="1.656">
    <system-out><![CDATA[Name of test method sucessfully executed: verifyAlreadyRegistered
Name of test method started: verifyAlreadyRegistered
[INFO ] 2024-07-27 00:33:53.101 [main] CasStore - *************** TestCase Verify SignIn Starts *****************
[INFO ] 2024-07-27 00:33:53.102 [main] CasStore - Entered registered email address
[INFO ] 2024-07-27 00:33:53.134 [main] CasStore - Entered registered password
[INFO ] 2024-07-27 00:33:53.161 [main] CasStore - Clicked on signin button
[INFO ] 2024-07-27 00:33:53.982 [main] CasStore - verifyAlreadyRegistered - Passed
[INFO ] 2024-07-27 00:33:53.982 [main] CasStore - Clicked on signout button
[INFO ] 2024-07-27 00:33:54.757 [main] CasStore - *************** TestCase Verify SignIn Ends *****************
]]></system-out>
  </testcase>
  <testcase name="verifyAlreadyRegistered[nazzy@email.com, nazzy@123, Nazzy Star](4)" classname="com.casstore.testcases.TC_AccountPageTest" time="1.633">
    <system-out><![CDATA[Name of test method sucessfully executed: verifyAlreadyRegistered
Name of test method started: verifyAlreadyRegistered
[INFO ] 2024-07-27 00:33:54.758 [main] CasStore - *************** TestCase Verify SignIn Starts *****************
[INFO ] 2024-07-27 00:33:54.759 [main] CasStore - Entered registered email address
[INFO ] 2024-07-27 00:33:54.783 [main] CasStore - Entered registered password
[INFO ] 2024-07-27 00:33:54.809 [main] CasStore - Clicked on signin button
[INFO ] 2024-07-27 00:33:55.582 [main] CasStore - verifyAlreadyRegistered - Passed
[INFO ] 2024-07-27 00:33:55.582 [main] CasStore - Clicked on signout button
[INFO ] 2024-07-27 00:33:56.390 [main] CasStore - *************** TestCase Verify SignIn Ends *****************
]]></system-out>
  </testcase>
  <testcase name="verifyAlreadyRegistered[fazzy@email.com, fazzy@123, Fazzy Star](5)" classname="com.casstore.testcases.TC_AccountPageTest" time="1.976">
    <system-out><![CDATA[Name of test method sucessfully executed: verifyAlreadyRegistered
Name of test method started: verifyAlreadyRegistered
[INFO ] 2024-07-27 00:33:56.391 [main] CasStore - *************** TestCase Verify SignIn Starts *****************
[INFO ] 2024-07-27 00:33:56.392 [main] CasStore - Entered registered email address
[INFO ] 2024-07-27 00:33:56.417 [main] CasStore - Entered registered password
[INFO ] 2024-07-27 00:33:56.443 [main] CasStore - Clicked on signin button
[INFO ] 2024-07-27 00:33:57.382 [main] CasStore - verifyAlreadyRegistered - Passed
[INFO ] 2024-07-27 00:33:57.382 [main] CasStore - Clicked on signout button
[INFO ] 2024-07-27 00:33:58.366 [main] CasStore - *************** TestCase Verify SignIn Ends *****************
]]></system-out>
  </testcase>
  <testcase name="verifyIndexPageSignInButton" classname="com.casstore.testcases.TC_BuyProductTest" time="0.804">
    <system-out><![CDATA[Name of test method sucessfully executed: verifyAlreadyRegistered
[INFO ] 2024-07-27 00:34:06.196 [main] CasStore - Url opened
Name of test method started: verifyIndexPageSignInButton
[INFO ] 2024-07-27 00:34:06.792 [main] CasStore - *************** TestCase Verify Index page SignIn Button Starts *****************
[INFO ] 2024-07-27 00:34:06.792 [main] CasStore - Clicked on signin button
[INFO ] 2024-07-27 00:34:07.596 [main] CasStore - *************** TestCase Verify Index page SignIn Button Ends *****************
]]></system-out>
  </testcase>
  <testcase name="verifyUserLogin" classname="com.casstore.testcases.TC_BuyProductTest" time="1.126">
    <system-out><![CDATA[Name of test method sucessfully executed: verifyIndexPageSignInButton
Name of test method started: verifyUserLogin
[INFO ] 2024-07-27 00:34:07.597 [main] CasStore - *************** TestCase Verify SignIn Starts *****************
[INFO ] 2024-07-27 00:34:07.597 [main] CasStore - Entered registered email address
[INFO ] 2024-07-27 00:34:07.655 [main] CasStore - Entered registered password
[INFO ] 2024-07-27 00:34:07.688 [main] CasStore - Clicked on signin button
[INFO ] 2024-07-27 00:34:08.722 [main] CasStore - *************** TestCase Verify SignIn Ends *****************
]]></system-out>
  </testcase>
  <testcase name="verifySearchProduct" classname="com.casstore.testcases.TC_BuyProductTest" time="1.471">
    <system-out><![CDATA[Name of test method sucessfully executed: verifyUserLogin
Name of test method started: verifySearchProduct
[INFO ] 2024-07-27 00:34:08.723 [main] CasStore - *************** TestCase Verify Search Product Starts *****************
[INFO ] 2024-07-27 00:34:08.725 [main] CasStore - Entered Search Item
[INFO ] 2024-07-27 00:34:08.748 [main] CasStore - Clicked Search Product Button
[INFO ] 2024-07-27 00:34:10.193 [main] CasStore - Searched Item: Found
[INFO ] 2024-07-27 00:34:10.193 [main] CasStore - *************** TestCase Verify Search Product Ends *****************
]]></system-out>
  </testcase>
  <testcase name="verifyBuyProduct" classname="com.casstore.testcases.TC_BuyProductTest" time="12.245">
    <system-out><![CDATA[Name of test method sucessfully executed: verifySearchProduct
Name of test method started: verifyBuyProduct
[INFO ] 2024-07-27 00:34:10.194 [main] CasStore - *************** TestCase Verify Buy Product Starts *****************
[INFO ] 2024-07-27 00:34:10.196 [main] CasStore - Clicked on item
[INFO ] 2024-07-27 00:34:11.249 [main] CasStore - Selected large size
[INFO ] 2024-07-27 00:34:11.316 [main] CasStore - Quantity increased
[INFO ] 2024-07-27 00:34:11.335 [main] CasStore - Clicked on Add to cart
[INFO ] 2024-07-27 00:34:12.102 [main] CasStore - Clicked on Proceed to checkout
[INFO ] 2024-07-27 00:34:12.862 [main] CasStore - Clicked on Proceed to checkout summary
[INFO ] 2024-07-27 00:34:13.756 [main] CasStore - Default: Fisrt name & Last name
[INFO ] 2024-07-27 00:34:13.756 [main] CasStore - Entered company
[INFO ] 2024-07-27 00:34:13.786 [main] CasStore - Entered address1
[INFO ] 2024-07-27 00:34:13.814 [main] CasStore - Entered address2
[INFO ] 2024-07-27 00:34:13.832 [main] CasStore - Entered city
[INFO ] 2024-07-27 00:34:13.849 [main] CasStore - Selected state
[INFO ] 2024-07-27 00:34:14.106 [main] CasStore - Entered postal code
[INFO ] 2024-07-27 00:34:14.124 [main] CasStore - Selected country
[INFO ] 2024-07-27 00:34:14.162 [main] CasStore - Entered phone number
[INFO ] 2024-07-27 00:34:14.181 [main] CasStore - Entered mobile number
[INFO ] 2024-07-27 00:34:14.200 [main] CasStore - Entered additional information
[INFO ] 2024-07-27 00:34:14.225 [main] CasStore - Clicked on save button
[INFO ] 2024-07-27 00:34:15.580 [main] CasStore - Clicked on Proceed to checkout address
[INFO ] 2024-07-27 00:34:16.621 [main] CasStore - Clicked on Agree terms checkbox
[INFO ] 2024-07-27 00:34:16.846 [main] CasStore - Clicked on Proceed to checkout shipping
[INFO ] 2024-07-27 00:34:17.737 [main] CasStore - Clicked on Pay by Check
[INFO ] 2024-07-27 00:34:18.199 [main] CasStore - Clicked on Confirm my order
[INFO ] 2024-07-27 00:34:22.420 [main] CasStore - Checked order success message
[INFO ] 2024-07-27 00:34:22.438 [main] CasStore - Order is complete
[INFO ] 2024-07-27 00:34:22.438 [main] CasStore - *************** TestCase Verify Buy Product Ends *****************
]]></system-out>
  </testcase>
</testsuite>