<?xml version="1.0" encoding="UTF-8"?>
<testsuite xmlns:xsi="http://www.w3.org/2001/XMLSchema-instance" xsi:noNamespaceSchemaLocation="https://maven.apache.org/surefire/maven-surefire-plugin/xsd/surefire-test-report-3.0.xsd" version="3.0" name="TestSuite" time="37.44" tests="5" errors="0" skipped="0" failures="0">
  <properties>
[...]
</properties>
  <testcase name="verifyIndexPageSignInButton" classname="com.casstore.testcases.TC_AccountPageTest" time="1.229">
    <system-out><![CDATA[On Start method invoked....
[INFO ] 2024-07-15 23:53:20.440 [main] CasStore - Url opened
Name of test method started: verifyIndexPageSignInButton
[INFO ] 2024-07-15 23:53:21.170 [main] CasStore - *************** TestCase Verify Index page SignIn Button Starts *****************
[INFO ] 2024-07-15 23:53:21.183 [main] CasStore - Clicked on signin button
[INFO ] 2024-07-15 23:53:22.397 [main] CasStore - *************** TestCase Verify Index page SignIn Button Ends *****************
]]></system-out>
    <system-err><![CDATA[SLF4J(W): No SLF4J providers were found.
SLF4J(W): Defaulting to no-operation (NOP) logger implementation
SLF4J(W): See https://www.slf4j.org/codes.html#noProviders for further details.
]]></system-err>
  </testcase>
  <testcase name="verifyAlreadyRegistered[mazzy@email.com, mazzy@123, Mazzy Star](1)" classname="com.casstore.testcases.TC_AccountPageTest" time="5.991">
    <system-out><![CDATA[Name of test method sucessfully executed: verifyIndexPageSignInButton
[DEBUG] 2024-07-15 23:53:22.525 [main] PackageRelationshipCollection - Parsing relationship: /xl/_rels/workbook.xml.rels
[DEBUG] 2024-07-15 23:53:22.527 [main] PackageRelationshipCollection - Parsing relationship: /_rels/.rels
[DEBUG] 2024-07-15 23:53:22.865 [main] PackageRelationshipCollection - Parsing relationship: /xl/_rels/workbook.xml.rels
[DEBUG] 2024-07-15 23:53:22.865 [main] PackageRelationshipCollection - Parsing relationship: /_rels/.rels
[INFO ] 2024-07-15 23:53:22.881 [main] CasStore - Fetching email, password and username data from excel
[DEBUG] 2024-07-15 23:53:22.885 [main] PackageRelationshipCollection - Parsing relationship: /xl/_rels/workbook.xml.rels
[DEBUG] 2024-07-15 23:53:22.885 [main] PackageRelationshipCollection - Parsing relationship: /_rels/.rels
[DEBUG] 2024-07-15 23:53:22.906 [main] PackageRelationshipCollection - Parsing relationship: /xl/_rels/workbook.xml.rels
[DEBUG] 2024-07-15 23:53:22.906 [main] PackageRelationshipCollection - Parsing relationship: /_rels/.rels
[DEBUG] 2024-07-15 23:53:22.921 [main] PackageRelationshipCollection - Parsing relationship: /xl/_rels/workbook.xml.rels
[DEBUG] 2024-07-15 23:53:22.921 [main] PackageRelationshipCollection - Parsing relationship: /_rels/.rels
[DEBUG] 2024-07-15 23:53:22.935 [main] PackageRelationshipCollection - Parsing relationship: /xl/_rels/workbook.xml.rels
[DEBUG] 2024-07-15 23:53:22.936 [main] PackageRelationshipCollection - Parsing relationship: /_rels/.rels
[DEBUG] 2024-07-15 23:53:22.949 [main] PackageRelationshipCollection - Parsing relationship: /xl/_rels/workbook.xml.rels
[DEBUG] 2024-07-15 23:53:22.950 [main] PackageRelationshipCollection - Parsing relationship: /_rels/.rels
[DEBUG] 2024-07-15 23:53:22.962 [main] PackageRelationshipCollection - Parsing relationship: /xl/_rels/workbook.xml.rels
[DEBUG] 2024-07-15 23:53:22.962 [main] PackageRelationshipCollection - Parsing relationship: /_rels/.rels
[DEBUG] 2024-07-15 23:53:22.973 [main] PackageRelationshipCollection - Parsing relationship: /xl/_rels/workbook.xml.rels
[DEBUG] 2024-07-15 23:53:22.973 [main] PackageRelationshipCollection - Parsing relationship: /_rels/.rels
[DEBUG] 2024-07-15 23:53:22.984 [main] PackageRelationshipCollection - Parsing relationship: /xl/_rels/workbook.xml.rels
[DEBUG] 2024-07-15 23:53:22.985 [main] PackageRelationshipCollection - Parsing relationship: /_rels/.rels
[DEBUG] 2024-07-15 23:53:22.996 [main] PackageRelationshipCollection - Parsing relationship: /xl/_rels/workbook.xml.rels
[DEBUG] 2024-07-15 23:53:22.997 [main] PackageRelationshipCollection - Parsing relationship: /_rels/.rels
[DEBUG] 2024-07-15 23:53:23.007 [main] PackageRelationshipCollection - Parsing relationship: /xl/_rels/workbook.xml.rels
[DEBUG] 2024-07-15 23:53:23.008 [main] PackageRelationshipCollection - Parsing relationship: /_rels/.rels
[DEBUG] 2024-07-15 23:53:23.018 [main] PackageRelationshipCollection - Parsing relationship: /xl/_rels/workbook.xml.rels
[DEBUG] 2024-07-15 23:53:23.019 [main] PackageRelationshipCollection - Parsing relationship: /_rels/.rels
[DEBUG] 2024-07-15 23:53:23.029 [main] PackageRelationshipCollection - Parsing relationship: /xl/_rels/workbook.xml.rels
[DEBUG] 2024-07-15 23:53:23.029 [main] PackageRelationshipCollection - Parsing relationship: /_rels/.rels
Name of test method started: verifyAlreadyRegistered
[INFO ] 2024-07-15 23:53:23.037 [main] CasStore - *************** TestCase Verify SignIn Starts *****************
[INFO ] 2024-07-15 23:53:23.040 [main] CasStore - Entered registered email address
[INFO ] 2024-07-15 23:53:23.100 [main] CasStore - Entered registered password
[INFO ] 2024-07-15 23:53:23.121 [main] CasStore - Clicked on signin button
[INFO ] 2024-07-15 23:53:25.787 [main] CasStore - verifyAlreadyRegistered - Passed
[INFO ] 2024-07-15 23:53:25.788 [main] CasStore - Clicked on signout button
[INFO ] 2024-07-15 23:53:29.030 [main] CasStore - *************** TestCase Verify SignIn Ends *****************
]]></system-out>
  </testcase>
  <testcase name="verifyAlreadyRegistered[dazzy@email.com, dazzy@123, Dazzy Star](2)" classname="com.casstore.testcases.TC_AccountPageTest" time="3.152">
    <system-out><![CDATA[Name of test method sucessfully executed: verifyAlreadyRegistered
Name of test method started: verifyAlreadyRegistered
[INFO ] 2024-07-15 23:53:29.031 [main] CasStore - *************** TestCase Verify SignIn Starts *****************
[INFO ] 2024-07-15 23:53:29.032 [main] CasStore - Entered registered email address
[INFO ] 2024-07-15 23:53:29.056 [main] CasStore - Entered registered password
[INFO ] 2024-07-15 23:53:29.085 [main] CasStore - Clicked on signin button
[INFO ] 2024-07-15 23:53:30.345 [main] CasStore - verifyAlreadyRegistered - Passed
[INFO ] 2024-07-15 23:53:30.346 [main] CasStore - Clicked on signout button
[INFO ] 2024-07-15 23:53:32.182 [main] CasStore - *************** TestCase Verify SignIn Ends *****************
]]></system-out>
  </testcase>
  <testcase name="verifyAlreadyRegistered[lazzy@email.com, lazzy@123, Lazzy Star](3)" classname="com.casstore.testcases.TC_AccountPageTest" time="3.604">
    <system-out><![CDATA[Name of test method sucessfully executed: verifyAlreadyRegistered
Name of test method started: verifyAlreadyRegistered
[INFO ] 2024-07-15 23:53:32.183 [main] CasStore - *************** TestCase Verify SignIn Starts *****************
[INFO ] 2024-07-15 23:53:32.183 [main] CasStore - Entered registered email address
[INFO ] 2024-07-15 23:53:32.207 [main] CasStore - Entered registered password
[INFO ] 2024-07-15 23:53:32.232 [main] CasStore - Clicked on signin button
[INFO ] 2024-07-15 23:53:33.468 [main] CasStore - verifyAlreadyRegistered - Passed
[INFO ] 2024-07-15 23:53:33.468 [main] CasStore - Clicked on signout button
[INFO ] 2024-07-15 23:53:35.785 [main] CasStore - *************** TestCase Verify SignIn Ends *****************
]]></system-out>
  </testcase>
  <testcase name="verifyAlreadyRegistered[nazzy@email.com, nazzy@123, Nazzy Star](4)" classname="com.casstore.testcases.TC_AccountPageTest" time="4.073">
    <system-out><![CDATA[Name of test method sucessfully executed: verifyAlreadyRegistered
Name of test method started: verifyAlreadyRegistered
[INFO ] 2024-07-15 23:53:35.786 [main] CasStore - *************** TestCase Verify SignIn Starts *****************
[INFO ] 2024-07-15 23:53:35.787 [main] CasStore - Entered registered email address
[INFO ] 2024-07-15 23:53:35.816 [main] CasStore - Entered registered password
[INFO ] 2024-07-15 23:53:35.840 [main] CasStore - Clicked on signin button
[INFO ] 2024-07-15 23:53:37.806 [main] CasStore - verifyAlreadyRegistered - Passed
[INFO ] 2024-07-15 23:53:37.807 [main] CasStore - Clicked on signout button
[INFO ] 2024-07-15 23:53:39.859 [main] CasStore - *************** TestCase Verify SignIn Ends *****************
]]></system-out>
  </testcase>
</testsuite>